<?xml version="1.0" encoding="UTF-8" ?>
<testsuite errors="0" failures="0" hostname="john-66e06c37b1" name="com.ibatis.jpetstore.persistence.SequenceDaoTest" tests="2" time="0.251" timestamp="2015-10-08T03:55:40">
  <properties>
[...]
</properties>
  <testcase classname="com.ibatis.jpetstore.persistence.SequenceDaoTest" name="testSequenceShouldReturnIncrementalIdNumbers" time="0.191" />
  <testcase classname="com.ibatis.jpetstore.persistence.SequenceDaoTest" name="testDummy" time="0.0" />
  <system-out><![CDATA[EMMA: collecting runtime coverage data ...
]]></system-out>
  <system-err><![CDATA[]]></system-err>
</testsuite>
